Copyright 1986-2022 Xilinx, Inc. All Rights Reserved. Copyright 2022-2024 Advanced Micro Devices, Inc. All Rights Reserved.
---------------------------------------------------------------------------------------------------------------------------------------------
| Tool Version : Vivado v.2024.2 (win64) Build 5239630 Fri Nov 08 22:35:27 MST 2024
| Date         : Tue May  6 00:45:17 2025
| Host         : LAPTOP-TDH3O4DL running 64-bit major release  (build 9200)
| Command      : report_utilization -hierarchical -file utilization_hard.rpt
| Design       : top_mult_hard
| Device       : xc7k70tfbv676-1
| Speed File   : -1
| Design State : Synthesized
---------------------------------------------------------------------------------------------------------------------------------------------

Utilization Design Information

Table of Contents
-----------------
1. Utilization by Hierarchy

1. Utilization by Hierarchy
---------------------------

+---------------+--------+------------+------------+---------+------+-----+--------+--------+------------+
|    Instance   | Module | Total LUTs | Logic LUTs | LUTRAMs | SRLs | FFs | RAMB36 | RAMB18 | DSP Blocks |
+---------------+--------+------------+------------+---------+------+-----+--------+--------+------------+
| top_mult_hard |  (top) |         34 |         34 |       0 |    0 |  18 |      0 |      0 |          5 |
+---------------+--------+------------+------------+---------+------+-----+--------+--------+------------+


